 dist_init running on           8 nodes
 using cubic distribution:           2 nodes per dimension
         320 cells in mesh
 nodes              8
 nc               320
 np               160
 
 n_s         1.000000    
 sigma_8    0.9000000    
 omega_m    0.2700000    
 omega_l    0.7300000    
 omega_b    3.9999999E-02
 
 box         100.0000    
 redshift    60.00000    
 
    0.00  Called write params
    0.70  Called init var
 Reading cmbfast.lcdm
    0.00  Called transfer fnc
 Generating seeds
 rank           4 Writing /scratch/merz/cubepm_050727/seed4.init
 rank           6 Writing /scratch/merz/cubepm_050727/seed6.init
 rank           5 Writing /scratch/merz/cubepm_050727/seed5.init
 rank           7 Writing /scratch/merz/cubepm_050727/seed7.init
 rank           2 Writing /scratch/merz/cubepm_050727/seed2.init
 rank           3 Writing /scratch/merz/cubepm_050727/seed3.init
 rank           1 Writing /scratch/merz/cubepm_050727/seed1.init
 rank           0 Writing /scratch/merz/cubepm_050727/seed0.init
   38.69  Called noisemap
    0.17  Called power spectrum
    0.17  Called power spectrum
    3.44  Called delta field
    4.75  Called potential field
 total exiting particles =       15604
 total buffered particles =           0
 total particles =     4096000
 DM total mass=  3.2768000E+07
 
 DM min      -1.000000    
 DM max       6.969370    
 Delta sum   1.0366596E-13
 Delta var    1.205342    
 
    0.24  Called power spectrum
    6.72  Called dm
 Writing /scratch/merz/cubepm_050727/xv0.ic                          
 Writing /scratch/merz/cubepm_050727/xv1.ic                          
 Writing /scratch/merz/cubepm_050727/xv2.ic                          
 Writing /scratch/merz/cubepm_050727/xv3.ic                          
 Writing /scratch/merz/cubepm_050727/xv4.ic                          
 Writing /scratch/merz/cubepm_050727/xv6.ic                          
 Writing /scratch/merz/cubepm_050727/xv5.ic                          
 Writing /scratch/merz/cubepm_050727/xv7.ic                          
   11.05  Called write dm
   11.05  Called write dm
   11.52  Called write dm
   11.48  Called write dm
   11.23  Called write dm
   11.25  Called write dm
   11.74  Called write dm
   11.36  Called write dm
    4.80  Called potential field
 
 Gas min    -0.6528838    
 Gas max     0.6033373    
 Delta sum   4.5215008E-12
 Delta var   0.1160083    
 
    6.34  Called gas
 Writing /scratch/merz/cubepm_050727/pk.init                         
 Writing /scratch/merz/cubepm_050727/pk0.init                        
    0.01  Called write power spectra
