 dist_init running on           8 nodes
 using cubic distribution:           2 nodes per dimension
         320 cells in mesh
 nodes              8
 nc               320
 np               160
 
 n_s         1.000000    
 sigma_8    0.9000000    
 omega_m    0.2700000    
 omega_l    0.7300000    
 omega_b    3.9999999E-02
 
 box         35.00000    
 redshift    60.00000    
 
    0.00  Called write params
    0.65  Called init var
 Reading cmbfast.lcdm
    0.00  Called transfer fnc
 Generating seeds
 rank           1 Writing /scratch/merz/cubepm_050727/seed1.init
 rank           0 Writing /scratch/merz/cubepm_050727/seed0.init
 rank           6 Writing /scratch/merz/cubepm_050727/seed6.init
 rank           4 Writing /scratch/merz/cubepm_050727/seed4.init
 rank           5 Writing /scratch/merz/cubepm_050727/seed5.init
 rank           2 Writing /scratch/merz/cubepm_050727/seed2.init
 rank           7 Writing /scratch/merz/cubepm_050727/seed7.init
 rank           3 Writing /scratch/merz/cubepm_050727/seed3.init
   40.02  Called noisemap
    0.16  Called power spectrum
    0.16  Called power spectrum
    3.21  Called delta field
    9.25  Called force field
 total exiting particles =       28481
 total buffered particles =           0
 total particles =     4096000
 DM total mass=  3.2767998E+07
 
 DM min      -1.000000    
 DM max       6.942862    
 Delta sum  -1.2401372E-11
 Delta var    1.169964    
 
    0.29  Called power spectrum
 Writing /scratch/merz/cubepm_050727/xv1.ic                          
   11.16  Called dm
 Writing /scratch/merz/cubepm_050727/xv0.ic                          
 Writing /scratch/merz/cubepm_050727/xv2.ic                          
 Writing /scratch/merz/cubepm_050727/xv4.ic                          
 Writing /scratch/merz/cubepm_050727/xv5.ic                          
 Writing /scratch/merz/cubepm_050727/xv6.ic                          
 Writing /scratch/merz/cubepm_050727/xv7.ic                          
 Writing /scratch/merz/cubepm_050727/xv3.ic                          
    7.29  Called write dm
    7.31  Called write dm
    7.32  Called write dm
    7.33  Called write dm
    7.30  Called write dm
    7.39  Called write dm
   11.04  Called write dm
   11.07  Called write dm
    9.84  Called force field
 
 Gas min    -0.9022680    
 Gas max     0.8164541    
 Delta sum   6.7528938E-12
 Delta var   0.1522524    
 
   11.38  Called gas
 Writing /scratch/merz/cubepm_050727/pk.init                         
 Writing /scratch/merz/cubepm_050727/pk0.init                        
    0.02  Called write power spectra
